2026-03-24 09:08:30,906 - INFO - ============================================================
2026-03-24 09:08:30,907 - INFO - Web Page Change Monitor - Starting run
2026-03-24 09:08:30,907 - INFO - Timestamp: 2026-03-24T09:08:30.907572
2026-03-24 09:08:30,907 - INFO - ============================================================
2026-03-24 09:08:30,909 - WARNING - python-dotenv could not parse statement starting at line 24
2026-03-24 09:08:30,909 - INFO - 
Checking: OtterBox Terms of Use
2026-03-24 09:08:30,909 - INFO - URL: https://www.otterbox.com/en-us/terms-of-use.html
2026-03-24 09:08:31,561 - INFO - History saved: /Users/sharayu/CodeLab/GitHub/47Brand-Otterbox-Scraping/history/otterbox_terms_of_use.json (2026-03-24)
2026-03-24 09:08:31,562 - INFO - No changes detected for: OtterBox Terms of Use
2026-03-24 09:08:31,562 - INFO - 
Checking: 47Brand Rewards Terms and Conditions
2026-03-24 09:08:31,562 - INFO - URL: https://www.47brand.com/pages/47-brand-rewards-terms-and-conditions
2026-03-24 09:08:32,807 - INFO - History saved: /Users/sharayu/CodeLab/GitHub/47Brand-Otterbox-Scraping/history/47brand_rewards_terms_and_conditions.json (2026-03-24)
2026-03-24 09:08:32,807 - INFO - No changes detected for: 47Brand Rewards Terms and Conditions
2026-03-24 09:08:32,807 - INFO - 
Checking: 47Brand Terms and Conditions
2026-03-24 09:08:32,807 - INFO - URL: https://www.47brand.com/pages/terms-conditions-47brand-com
2026-03-24 09:08:33,547 - INFO - History saved: /Users/sharayu/CodeLab/GitHub/47Brand-Otterbox-Scraping/history/47brand_terms_and_conditions.json (2026-03-24)
2026-03-24 09:08:33,547 - INFO - No changes detected for: 47Brand Terms and Conditions
2026-03-24 09:08:33,547 - INFO - 
Run complete. Changes found: 0
2026-03-24 09:08:33,547 - INFO - ============================================================
2026-03-24 13:58:27,683 - INFO - ============================================================
2026-03-24 13:58:27,683 - INFO - Web Page Change Monitor - Starting run
2026-03-24 13:58:27,683 - INFO - Timestamp: 2026-03-24T13:58:27.683750
2026-03-24 13:58:27,683 - INFO - ============================================================
2026-03-24 13:58:27,684 - WARNING - python-dotenv could not parse statement starting at line 24
2026-03-24 13:58:27,684 - INFO - 
Checking: OtterBox Terms of Use
2026-03-24 13:58:27,684 - INFO - URL: https://www.otterbox.com/en-us/terms-of-use.html
2026-03-24 13:58:28,760 - INFO - History saved: /Users/sharayu/CodeLab/GitHub/47Brand-Otterbox-Scraping/history/otterbox_terms_of_use.json (2026-03-24)
2026-03-24 13:58:28,760 - INFO - No changes detected for: OtterBox Terms of Use
2026-03-24 13:58:28,760 - INFO - 
Checking: 47Brand Rewards Terms and Conditions
2026-03-24 13:58:28,760 - INFO - URL: https://www.47brand.com/pages/47-brand-rewards-terms-and-conditions
2026-03-24 13:58:29,666 - INFO - History saved: /Users/sharayu/CodeLab/GitHub/47Brand-Otterbox-Scraping/history/47brand_rewards_terms_and_conditions.json (2026-03-24)
2026-03-24 13:58:29,666 - INFO - No changes detected for: 47Brand Rewards Terms and Conditions
2026-03-24 13:58:29,666 - INFO - 
Checking: 47Brand Terms and Conditions
2026-03-24 13:58:29,666 - INFO - URL: https://www.47brand.com/pages/terms-conditions-47brand-com
2026-03-24 13:58:30,525 - INFO - History saved: /Users/sharayu/CodeLab/GitHub/47Brand-Otterbox-Scraping/history/47brand_terms_and_conditions.json (2026-03-24)
2026-03-24 13:58:30,525 - INFO - No changes detected for: 47Brand Terms and Conditions
2026-03-24 13:58:30,525 - INFO - 
Run complete. Changes found: 0
2026-03-24 13:58:30,525 - INFO - ============================================================
