2026-03-23 09:00:01,513 - INFO - ============================================================
2026-03-23 09:00:01,513 - INFO - Web Page Change Monitor - Starting run
2026-03-23 09:00:01,514 - INFO - Timestamp: 2026-03-23T09:00:01.513990
2026-03-23 09:00:01,514 - INFO - ============================================================
2026-03-23 09:00:01,516 - WARNING - python-dotenv could not parse statement starting at line 24
2026-03-23 09:00:01,516 - INFO - 
Checking: OtterBox Terms of Use
2026-03-23 09:00:01,516 - INFO - URL: https://www.otterbox.com/en-us/terms-of-use.html
2026-03-23 09:00:02,804 - INFO - History saved: /Users/sharayu/CodeLab/GitHub/47Brand-Otterbox-Scraping/history/otterbox_terms_of_use.json (2026-03-23)
2026-03-23 09:00:02,804 - INFO - No changes detected for: OtterBox Terms of Use
2026-03-23 09:00:02,804 - INFO - 
Checking: 47Brand Rewards Terms and Conditions
2026-03-23 09:00:02,804 - INFO - URL: https://www.47brand.com/pages/47-brand-rewards-terms-and-conditions
2026-03-23 09:00:03,920 - INFO - CHANGES DETECTED for: 47Brand Rewards Terms and Conditions
2026-03-23 09:00:03,921 - INFO - Snapshot saved: /Users/sharayu/CodeLab/GitHub/47Brand-Otterbox-Scraping/snapshots/47brand_rewards_terms_and_conditions.txt
2026-03-23 09:00:03,923 - INFO - History saved: /Users/sharayu/CodeLab/GitHub/47Brand-Otterbox-Scraping/history/47brand_rewards_terms_and_conditions.json (2026-03-23)
2026-03-23 09:00:13,307 - INFO - Email sent: [Page Monitor] Changes detected - 47Brand Rewards Terms and Conditions
2026-03-23 09:00:13,309 - INFO - 
Checking: 47Brand Terms and Conditions
2026-03-23 09:00:13,309 - INFO - URL: https://www.47brand.com/pages/terms-conditions-47brand-com
2026-03-23 09:00:14,227 - INFO - CHANGES DETECTED for: 47Brand Terms and Conditions
2026-03-23 09:00:14,228 - INFO - Snapshot saved: /Users/sharayu/CodeLab/GitHub/47Brand-Otterbox-Scraping/snapshots/47brand_terms_and_conditions.txt
2026-03-23 09:00:14,230 - INFO - History saved: /Users/sharayu/CodeLab/GitHub/47Brand-Otterbox-Scraping/history/47brand_terms_and_conditions.json (2026-03-23)
2026-03-23 09:00:24,566 - INFO - Email sent: [Page Monitor] Changes detected - 47Brand Terms and Conditions
2026-03-23 09:00:24,567 - INFO - 
Run complete. Changes found: 2
2026-03-23 09:00:24,567 - INFO - ============================================================
2026-03-23 15:16:56,422 - INFO - ============================================================
2026-03-23 15:16:56,422 - INFO - Web Page Change Monitor - Starting run
2026-03-23 15:16:56,422 - INFO - Timestamp: 2026-03-23T15:16:56.422509
2026-03-23 15:16:56,422 - INFO - ============================================================
2026-03-23 15:16:56,423 - WARNING - python-dotenv could not parse statement starting at line 24
2026-03-23 15:16:56,423 - INFO - 
Checking: OtterBox Terms of Use
2026-03-23 15:16:56,423 - INFO - URL: https://www.otterbox.com/en-us/terms-of-use.html
2026-03-23 15:16:57,594 - INFO - History saved: /Users/sharayu/CodeLab/GitHub/47Brand-Otterbox-Scraping/history/otterbox_terms_of_use.json (2026-03-23)
2026-03-23 15:16:57,594 - INFO - No changes detected for: OtterBox Terms of Use
2026-03-23 15:16:57,594 - INFO - 
Checking: 47Brand Rewards Terms and Conditions
2026-03-23 15:16:57,594 - INFO - URL: https://www.47brand.com/pages/47-brand-rewards-terms-and-conditions
2026-03-23 15:16:58,664 - INFO - CHANGES DETECTED for: 47Brand Rewards Terms and Conditions
2026-03-23 15:16:58,665 - INFO - Snapshot saved: /Users/sharayu/CodeLab/GitHub/47Brand-Otterbox-Scraping/snapshots/47brand_rewards_terms_and_conditions.txt
2026-03-23 15:16:58,667 - INFO - History saved: /Users/sharayu/CodeLab/GitHub/47Brand-Otterbox-Scraping/history/47brand_rewards_terms_and_conditions.json (2026-03-23)
2026-03-23 15:17:08,060 - INFO - Email sent: [Page Monitor] Changes detected - 47Brand Rewards Terms and Conditions
2026-03-23 15:17:08,062 - INFO - 
Checking: 47Brand Terms and Conditions
2026-03-23 15:17:08,062 - INFO - URL: https://www.47brand.com/pages/terms-conditions-47brand-com
2026-03-23 15:17:09,124 - INFO - CHANGES DETECTED for: 47Brand Terms and Conditions
2026-03-23 15:17:09,124 - INFO - Snapshot saved: /Users/sharayu/CodeLab/GitHub/47Brand-Otterbox-Scraping/snapshots/47brand_terms_and_conditions.txt
2026-03-23 15:17:09,126 - INFO - History saved: /Users/sharayu/CodeLab/GitHub/47Brand-Otterbox-Scraping/history/47brand_terms_and_conditions.json (2026-03-23)
2026-03-23 15:17:18,303 - INFO - Email sent: [Page Monitor] Changes detected - 47Brand Terms and Conditions
2026-03-23 15:17:18,304 - INFO - 
Run complete. Changes found: 2
2026-03-23 15:17:18,305 - INFO - ============================================================
