2026-03-20 07:43:17,799 - INFO - ============================================================
2026-03-20 07:43:17,799 - INFO - Web Page Change Monitor - Starting run
2026-03-20 07:43:17,799 - INFO - Timestamp: 2026-03-20T07:43:17.799604
2026-03-20 07:43:17,799 - INFO - ============================================================
2026-03-20 07:43:17,800 - WARNING - python-dotenv could not parse statement starting at line 24
2026-03-20 07:43:17,800 - INFO - 
Checking: OtterBox Terms of Use
2026-03-20 07:43:17,800 - INFO - URL: https://www.otterbox.com/en-us/terms-of-use.html
2026-03-20 07:43:18,801 - INFO - Snapshot saved: /Users/sharayu/CodeLab/GitHub/47Brand-Otterbox-Scraping/snapshots/otterbox_terms_of_use.txt
2026-03-20 07:43:18,803 - INFO - History saved: /Users/sharayu/CodeLab/GitHub/47Brand-Otterbox-Scraping/history/otterbox_terms_of_use.json (2026-03-20)
2026-03-20 07:43:18,803 - INFO - First snapshot captured for: OtterBox Terms of Use
2026-03-20 07:43:28,067 - INFO - Email sent: [Page Monitor] First snapshot captured - OtterBox Terms of Use
2026-03-20 07:43:28,067 - INFO - 
Checking: 47Brand Rewards Terms and Conditions
2026-03-20 07:43:28,067 - INFO - URL: https://www.47brand.com/pages/47-brand-rewards-terms-and-conditions
2026-03-20 07:43:29,411 - INFO - Snapshot saved: /Users/sharayu/CodeLab/GitHub/47Brand-Otterbox-Scraping/snapshots/47brand_rewards_terms_and_conditions.txt
2026-03-20 07:43:29,412 - INFO - History saved: /Users/sharayu/CodeLab/GitHub/47Brand-Otterbox-Scraping/history/47brand_rewards_terms_and_conditions.json (2026-03-20)
2026-03-20 07:43:29,412 - INFO - First snapshot captured for: 47Brand Rewards Terms and Conditions
2026-03-20 07:43:38,409 - INFO - Email sent: [Page Monitor] First snapshot captured - 47Brand Rewards Terms and Conditions
2026-03-20 07:43:38,411 - INFO - 
Checking: 47Brand Terms and Conditions
2026-03-20 07:43:38,411 - INFO - URL: https://www.47brand.com/pages/terms-conditions-47brand-com
2026-03-20 07:43:39,647 - INFO - Snapshot saved: /Users/sharayu/CodeLab/GitHub/47Brand-Otterbox-Scraping/snapshots/47brand_terms_and_conditions.txt
2026-03-20 07:43:39,649 - INFO - History saved: /Users/sharayu/CodeLab/GitHub/47Brand-Otterbox-Scraping/history/47brand_terms_and_conditions.json (2026-03-20)
2026-03-20 07:43:39,649 - INFO - First snapshot captured for: 47Brand Terms and Conditions
2026-03-20 07:43:49,058 - INFO - Email sent: [Page Monitor] First snapshot captured - 47Brand Terms and Conditions
2026-03-20 07:43:49,059 - INFO - 
Run complete. Changes found: 0
2026-03-20 07:43:49,059 - INFO - ============================================================
2026-03-20 09:00:01,053 - INFO - ============================================================
2026-03-20 09:00:01,054 - INFO - Web Page Change Monitor - Starting run
2026-03-20 09:00:01,054 - INFO - Timestamp: 2026-03-20T09:00:01.054238
2026-03-20 09:00:01,054 - INFO - ============================================================
2026-03-20 09:00:01,056 - WARNING - python-dotenv could not parse statement starting at line 24
2026-03-20 09:00:01,056 - INFO - 
Checking: OtterBox Terms of Use
2026-03-20 09:00:01,056 - INFO - URL: https://www.otterbox.com/en-us/terms-of-use.html
2026-03-20 09:00:02,113 - INFO - History saved: /Users/sharayu/CodeLab/GitHub/47Brand-Otterbox-Scraping/history/otterbox_terms_of_use.json (2026-03-20)
2026-03-20 09:00:02,113 - INFO - No changes detected for: OtterBox Terms of Use
2026-03-20 09:00:02,113 - INFO - 
Checking: 47Brand Rewards Terms and Conditions
2026-03-20 09:00:02,113 - INFO - URL: https://www.47brand.com/pages/47-brand-rewards-terms-and-conditions
2026-03-20 09:00:02,999 - INFO - History saved: /Users/sharayu/CodeLab/GitHub/47Brand-Otterbox-Scraping/history/47brand_rewards_terms_and_conditions.json (2026-03-20)
2026-03-20 09:00:02,999 - INFO - No changes detected for: 47Brand Rewards Terms and Conditions
2026-03-20 09:00:02,999 - INFO - 
Checking: 47Brand Terms and Conditions
2026-03-20 09:00:02,999 - INFO - URL: https://www.47brand.com/pages/terms-conditions-47brand-com
2026-03-20 09:00:03,695 - INFO - History saved: /Users/sharayu/CodeLab/GitHub/47Brand-Otterbox-Scraping/history/47brand_terms_and_conditions.json (2026-03-20)
2026-03-20 09:00:03,696 - INFO - No changes detected for: 47Brand Terms and Conditions
2026-03-20 09:00:03,696 - INFO - 
Run complete. Changes found: 0
2026-03-20 09:00:03,696 - INFO - ============================================================
2026-03-20 12:20:26,931 - INFO - ============================================================
2026-03-20 12:20:26,932 - INFO - Web Page Change Monitor - Starting run
2026-03-20 12:20:26,932 - INFO - Timestamp: 2026-03-20T12:20:26.932093
2026-03-20 12:20:26,932 - INFO - ============================================================
2026-03-20 12:20:26,933 - WARNING - python-dotenv could not parse statement starting at line 24
2026-03-20 12:20:26,933 - INFO - 
Checking: OtterBox Terms of Use
2026-03-20 12:20:26,933 - INFO - URL: https://www.otterbox.com/en-us/terms-of-use.html
2026-03-20 12:20:27,961 - INFO - History saved: /Users/sharayu/CodeLab/GitHub/47Brand-Otterbox-Scraping/history/otterbox_terms_of_use.json (2026-03-20)
2026-03-20 12:20:27,961 - INFO - No changes detected for: OtterBox Terms of Use
2026-03-20 12:20:27,961 - INFO - 
Checking: 47Brand Rewards Terms and Conditions
2026-03-20 12:20:27,962 - INFO - URL: https://www.47brand.com/pages/47-brand-rewards-terms-and-conditions
2026-03-20 12:20:28,828 - INFO - History saved: /Users/sharayu/CodeLab/GitHub/47Brand-Otterbox-Scraping/history/47brand_rewards_terms_and_conditions.json (2026-03-20)
2026-03-20 12:20:28,828 - INFO - No changes detected for: 47Brand Rewards Terms and Conditions
2026-03-20 12:20:28,828 - INFO - 
Checking: 47Brand Terms and Conditions
2026-03-20 12:20:28,828 - INFO - URL: https://www.47brand.com/pages/terms-conditions-47brand-com
2026-03-20 12:20:29,455 - INFO - History saved: /Users/sharayu/CodeLab/GitHub/47Brand-Otterbox-Scraping/history/47brand_terms_and_conditions.json (2026-03-20)
2026-03-20 12:20:29,455 - INFO - No changes detected for: 47Brand Terms and Conditions
2026-03-20 12:20:29,456 - INFO - 
Run complete. Changes found: 0
2026-03-20 12:20:29,456 - INFO - ============================================================
